<?xml version="1.0" encoding="UTF-8"?>
<!-- Generated by org.testng.reporters.JUnitReportReporter -->
<testsuite hostname="HYDPCM156681L" failures="0" tests="1" name="com.LearnGITBranching.testcases.javascriptexecutors" time="16.211" errors="0" timestamp="2020-12-09T16:21:50 IST" skipped="0">
  <testcase classname="com.LearnGITBranching.testcases.javascriptexecutors" name="searchUsingJavaScript" time="16.211"/>
  <system-out/>
</testsuite> <!-- com.LearnGITBranching.testcases.javascriptexecutors -->
