<?xml version="1.0" encoding="UTF-8"?>
<!-- Generated by org.testng.reporters.JUnitReportReporter -->
<testsuite hostname="HYDPCM156681L" failures="0" tests="2" name="com.LearnGITBranching.testcases.Assertions" time="0.092" errors="0" timestamp="2020-12-09T17:52:43 IST" skipped="0">
  <testcase classname="com.LearnGITBranching.testcases.Assertions" name="assertTrue1" time="0.004"/>
  <system-out/>
  <testcase classname="com.LearnGITBranching.testcases.Assertions" name="assertTrue" time="0.088"/>
  <system-out/>
</testsuite> <!-- com.LearnGITBranching.testcases.Assertions -->
