<?xml version="1.0" encoding="UTF-8"?>
<!-- Generated by org.testng.reporters.JUnitReportReporter -->
<testsuite hostname="HYDPCM156681L" failures="0" tests="2" name="com.LearnGITBranching.testcases.Assertions" time="0.066" errors="0" timestamp="2020-12-09T16:21:50 IST" skipped="0">
  <testcase classname="com.LearnGITBranching.testcases.Assertions" name="assertTrue1" time="0.005"/>
  <system-out/>
  <testcase classname="com.LearnGITBranching.testcases.Assertions" name="assertTrue" time="0.061"/>
  <system-out/>
</testsuite> <!-- com.LearnGITBranching.testcases.Assertions -->
